[2020-09-08T23:09:10.753] [DEBUG] cheese - login => username:zs,password:123456
[2020-09-08T23:09:10.755] [DEBUG] cheese - zs
[2020-09-08T23:09:10.769] [DEBUG] cheese - null
[2020-09-08T23:09:10.769] [DEBUG] cheese - null
[2020-09-08T23:09:37.849] [DEBUG] cheese - login => username:admin,password:123456
[2020-09-08T23:09:37.849] [DEBUG] cheese - admin
[2020-09-08T23:09:37.855] [DEBUG] cheese - null
[2020-09-08T23:09:37.856] [DEBUG] cheese - null
[2020-09-09T18:53:37.008] [DEBUG] cheese - login => username:admin,password:123456
[2020-09-09T18:53:37.012] [DEBUG] cheese - admin
[2020-09-09T18:53:37.032] [DEBUG] cheese - null
[2020-09-09T18:53:37.032] [DEBUG] cheese - null
[2020-09-10T22:19:16.135] [DEBUG] cheese - login => username:admin,password:123456
[2020-09-10T22:19:16.142] [DEBUG] cheese - admin
[2020-09-10T22:19:16.217] [DEBUG] cheese - login => username:admin,password:123456
[2020-09-10T22:19:16.217] [DEBUG] cheese - admin
[2020-09-10T22:19:16.240] [DEBUG] cheese - null
[2020-09-10T22:19:16.241] [DEBUG] cheese - null
[2020-09-10T22:19:16.342] [DEBUG] cheese - null
[2020-09-10T22:19:16.342] [DEBUG] cheese - null
[2020-09-10T22:19:41.226] [DEBUG] cheese - login => username:admin,password:1234567
[2020-09-10T22:19:41.226] [DEBUG] cheese - admin
[2020-09-10T22:19:41.230] [DEBUG] cheese - null
[2020-09-10T22:19:41.230] [DEBUG] cheese - null
[2020-09-10T22:19:41.299] [DEBUG] cheese - login => username:admin,password:1234567
[2020-09-10T22:19:41.300] [DEBUG] cheese - admin
[2020-09-10T22:19:41.303] [DEBUG] cheese - null
[2020-09-10T22:19:41.303] [DEBUG] cheese - null
[2020-09-10T22:20:43.159] [DEBUG] cheese - login => username:admin,password:123456
[2020-09-10T22:20:43.159] [DEBUG] cheese - admin
[2020-09-10T22:20:43.162] [DEBUG] cheese - null
[2020-09-10T22:20:43.162] [DEBUG] cheese - null
[2020-09-10T22:20:43.233] [DEBUG] cheese - login => username:admin,password:123456
[2020-09-10T22:20:43.233] [DEBUG] cheese - admin
[2020-09-10T22:20:43.238] [DEBUG] cheese - null
[2020-09-10T22:20:43.238] [DEBUG] cheese - null
[2020-09-10T22:22:30.862] [DEBUG] cheese - login => username:admin,password:123456
[2020-09-10T22:22:30.862] [DEBUG] cheese - admin
[2020-09-10T22:22:30.864] [DEBUG] cheese - null
[2020-09-10T22:22:30.864] [DEBUG] cheese - null
[2020-09-10T22:22:30.936] [DEBUG] cheese - login => username:admin,password:123456
[2020-09-10T22:22:30.936] [DEBUG] cheese - admin
[2020-09-10T22:22:30.939] [DEBUG] cheese - null
[2020-09-10T22:22:30.939] [DEBUG] cheese - null
[2020-09-10T22:30:13.897] [DEBUG] cheese - login => username:admin,password:123456
[2020-09-10T22:30:13.897] [DEBUG] cheese - admin
[2020-09-10T22:30:13.900] [DEBUG] cheese - null
[2020-09-10T22:30:13.900] [DEBUG] cheese - null
[2020-09-10T22:30:13.968] [DEBUG] cheese - login => username:admin,password:123456
[2020-09-10T22:30:13.968] [DEBUG] cheese - admin
[2020-09-10T22:30:13.973] [DEBUG] cheese - null
[2020-09-10T22:30:13.973] [DEBUG] cheese - null
[2020-09-10T22:30:16.187] [DEBUG] cheese - login => username:admin,password:123456
[2020-09-10T22:30:16.187] [DEBUG] cheese - admin
[2020-09-10T22:30:16.190] [DEBUG] cheese - login => username:admin,password:123456
[2020-09-10T22:30:16.190] [DEBUG] cheese - admin
[2020-09-10T22:30:16.199] [DEBUG] cheese - null
[2020-09-10T22:30:16.199] [DEBUG] cheese - null
[2020-09-10T22:30:16.265] [DEBUG] cheese - null
[2020-09-10T22:30:16.265] [DEBUG] cheese - null
[2020-09-10T22:30:16.352] [DEBUG] cheese - login => username:admin,password:123456
[2020-09-10T22:30:16.353] [DEBUG] cheese - admin
[2020-09-10T22:30:16.354] [DEBUG] cheese - login => username:admin,password:123456
[2020-09-10T22:30:16.354] [DEBUG] cheese - admin
[2020-09-10T22:30:16.364] [DEBUG] cheese - null
[2020-09-10T22:30:16.364] [DEBUG] cheese - null
[2020-09-10T22:30:16.434] [DEBUG] cheese - null
[2020-09-10T22:30:16.434] [DEBUG] cheese - null
[2020-09-10T22:30:16.540] [DEBUG] cheese - login => username:admin,password:123456
[2020-09-10T22:30:16.540] [DEBUG] cheese - admin
[2020-09-10T22:30:16.541] [DEBUG] cheese - login => username:admin,password:123456
[2020-09-10T22:30:16.541] [DEBUG] cheese - admin
[2020-09-10T22:30:16.548] [DEBUG] cheese - null
[2020-09-10T22:30:16.548] [DEBUG] cheese - null
[2020-09-10T22:30:16.616] [DEBUG] cheese - null
[2020-09-10T22:30:16.616] [DEBUG] cheese - null
[2020-09-10T22:30:16.739] [DEBUG] cheese - login => username:admin,password:123456
[2020-09-10T22:30:16.739] [DEBUG] cheese - admin
[2020-09-10T22:30:16.741] [DEBUG] cheese - login => username:admin,password:123456
[2020-09-10T22:30:16.743] [DEBUG] cheese - admin
[2020-09-10T22:30:16.749] [DEBUG] cheese - null
[2020-09-10T22:30:16.749] [DEBUG] cheese - null
[2020-09-10T22:30:16.817] [DEBUG] cheese - null
[2020-09-10T22:30:16.817] [DEBUG] cheese - null
[2020-09-10T22:30:16.938] [DEBUG] cheese - login => username:admin,password:123456
[2020-09-10T22:30:16.938] [DEBUG] cheese - admin
[2020-09-10T22:30:16.941] [DEBUG] cheese - login => username:admin,password:123456
[2020-09-10T22:30:16.941] [DEBUG] cheese - admin
[2020-09-10T22:30:16.948] [DEBUG] cheese - null
[2020-09-10T22:30:16.948] [DEBUG] cheese - null
[2020-09-10T22:30:17.016] [DEBUG] cheese - null
[2020-09-10T22:30:17.016] [DEBUG] cheese - null
[2020-09-10T22:30:17.113] [DEBUG] cheese - login => username:admin,password:123456
[2020-09-10T22:30:17.113] [DEBUG] cheese - admin
[2020-09-10T22:30:17.114] [DEBUG] cheese - login => username:admin,password:123456
[2020-09-10T22:30:17.114] [DEBUG] cheese - admin
[2020-09-10T22:30:17.123] [DEBUG] cheese - null
[2020-09-10T22:30:17.123] [DEBUG] cheese - null
[2020-09-10T22:30:17.193] [DEBUG] cheese - null
[2020-09-10T22:30:17.193] [DEBUG] cheese - null
[2020-09-10T22:30:17.297] [DEBUG] cheese - login => username:admin,password:123456
[2020-09-10T22:30:17.297] [DEBUG] cheese - admin
[2020-09-10T22:30:17.298] [DEBUG] cheese - login => username:admin,password:123456
[2020-09-10T22:30:17.298] [DEBUG] cheese - admin
[2020-09-10T22:30:17.299] [DEBUG] cheese - null
[2020-09-10T22:30:17.300] [DEBUG] cheese - null
[2020-09-10T22:30:17.367] [DEBUG] cheese - null
[2020-09-10T22:30:17.367] [DEBUG] cheese - null
[2020-09-10T22:30:17.514] [DEBUG] cheese - login => username:admin,password:123456
[2020-09-10T22:30:17.514] [DEBUG] cheese - admin
[2020-09-10T22:30:17.515] [DEBUG] cheese - login => username:admin,password:123456
[2020-09-10T22:30:17.515] [DEBUG] cheese - admin
[2020-09-10T22:30:17.523] [DEBUG] cheese - null
[2020-09-10T22:30:17.523] [DEBUG] cheese - null
[2020-09-10T22:30:17.591] [DEBUG] cheese - null
[2020-09-10T22:30:17.591] [DEBUG] cheese - null
[2020-09-10T22:30:17.691] [DEBUG] cheese - login => username:admin,password:123456
[2020-09-10T22:30:17.691] [DEBUG] cheese - admin
[2020-09-10T22:30:17.693] [DEBUG] cheese - login => username:admin,password:123456
[2020-09-10T22:30:17.693] [DEBUG] cheese - admin
[2020-09-10T22:30:17.701] [DEBUG] cheese - null
[2020-09-10T22:30:17.701] [DEBUG] cheese - null
[2020-09-10T22:30:17.768] [DEBUG] cheese - null
[2020-09-10T22:30:17.768] [DEBUG] cheese - null
[2020-09-10T22:30:18.930] [DEBUG] cheese - login => username:admin,password:123456
[2020-09-10T22:30:18.930] [DEBUG] cheese - admin
[2020-09-10T22:30:18.933] [DEBUG] cheese - login => username:admin,password:123456
[2020-09-10T22:30:18.933] [DEBUG] cheese - admin
[2020-09-10T22:30:18.939] [DEBUG] cheese - null
[2020-09-10T22:30:18.939] [DEBUG] cheese - null
[2020-09-10T22:30:19.007] [DEBUG] cheese - null
[2020-09-10T22:30:19.007] [DEBUG] cheese - null
[2020-09-10T22:30:19.137] [DEBUG] cheese - login => username:admin,password:123456
[2020-09-10T22:30:19.137] [DEBUG] cheese - admin
[2020-09-10T22:30:19.139] [DEBUG] cheese - login => username:admin,password:123456
[2020-09-10T22:30:19.139] [DEBUG] cheese - admin
[2020-09-10T22:30:19.146] [DEBUG] cheese - null
[2020-09-10T22:30:19.146] [DEBUG] cheese - null
[2020-09-10T22:30:19.214] [DEBUG] cheese - null
[2020-09-10T22:30:19.214] [DEBUG] cheese - null
[2020-09-10T22:30:21.965] [DEBUG] cheese - login => username:admin,password:123456
[2020-09-10T22:30:21.966] [DEBUG] cheese - admin
[2020-09-10T22:30:21.967] [DEBUG] cheese - login => username:admin,password:123456
[2020-09-10T22:30:21.967] [DEBUG] cheese - admin
[2020-09-10T22:30:21.975] [DEBUG] cheese - null
[2020-09-10T22:30:21.975] [DEBUG] cheese - null
[2020-09-10T22:30:22.043] [DEBUG] cheese - null
[2020-09-10T22:30:22.043] [DEBUG] cheese - null
[2020-09-10T22:30:53.630] [DEBUG] cheese - login => username:admin,password:123456
[2020-09-10T22:30:53.631] [DEBUG] cheese - admin
[2020-09-10T22:30:53.633] [DEBUG] cheese - null
[2020-09-10T22:30:53.633] [DEBUG] cheese - null
[2020-09-10T22:30:53.706] [DEBUG] cheese - login => username:admin,password:123456
[2020-09-10T22:30:53.706] [DEBUG] cheese - admin
[2020-09-10T22:30:53.709] [DEBUG] cheese - null
[2020-09-10T22:30:53.709] [DEBUG] cheese - null
[2020-09-10T22:30:55.923] [DEBUG] cheese - login => username:admin,password:123456
[2020-09-10T22:30:55.923] [DEBUG] cheese - admin
[2020-09-10T22:30:55.924] [DEBUG] cheese - login => username:admin,password:123456
[2020-09-10T22:30:55.925] [DEBUG] cheese - admin
[2020-09-10T22:30:55.933] [DEBUG] cheese - null
[2020-09-10T22:30:55.934] [DEBUG] cheese - null
[2020-09-10T22:30:56.002] [DEBUG] cheese - null
[2020-09-10T22:30:56.003] [DEBUG] cheese - null
[2020-09-10T22:30:56.153] [DEBUG] cheese - login => username:admin,password:123456
[2020-09-10T22:30:56.153] [DEBUG] cheese - admin
[2020-09-10T22:30:56.154] [DEBUG] cheese - login => username:admin,password:123456
[2020-09-10T22:30:56.154] [DEBUG] cheese - admin
[2020-09-10T22:30:56.162] [DEBUG] cheese - null
[2020-09-10T22:30:56.162] [DEBUG] cheese - null
[2020-09-10T22:30:56.229] [DEBUG] cheese - null
[2020-09-10T22:30:56.229] [DEBUG] cheese - null
[2020-09-10T22:30:56.369] [DEBUG] cheese - login => username:admin,password:123456
[2020-09-10T22:30:56.369] [DEBUG] cheese - admin
[2020-09-10T22:30:56.371] [DEBUG] cheese - login => username:admin,password:123456
[2020-09-10T22:30:56.371] [DEBUG] cheese - admin
[2020-09-10T22:30:56.379] [DEBUG] cheese - null
[2020-09-10T22:30:56.379] [DEBUG] cheese - null
[2020-09-10T22:30:56.446] [DEBUG] cheese - null
[2020-09-10T22:30:56.446] [DEBUG] cheese - null
[2020-09-10T22:30:56.594] [DEBUG] cheese - login => username:admin,password:123456
[2020-09-10T22:30:56.594] [DEBUG] cheese - admin
[2020-09-10T22:30:56.595] [DEBUG] cheese - login => username:admin,password:123456
[2020-09-10T22:30:56.595] [DEBUG] cheese - admin
[2020-09-10T22:30:56.604] [DEBUG] cheese - null
[2020-09-10T22:30:56.605] [DEBUG] cheese - null
[2020-09-10T22:30:56.672] [DEBUG] cheese - null
[2020-09-10T22:30:56.672] [DEBUG] cheese - null
[2020-09-10T22:30:56.787] [DEBUG] cheese - login => username:admin,password:123456
[2020-09-10T22:30:56.787] [DEBUG] cheese - admin
[2020-09-10T22:30:56.788] [DEBUG] cheese - login => username:admin,password:123456
[2020-09-10T22:30:56.789] [DEBUG] cheese - admin
[2020-09-10T22:30:56.796] [DEBUG] cheese - null
[2020-09-10T22:30:56.796] [DEBUG] cheese - null
[2020-09-10T22:30:56.864] [DEBUG] cheese - null
[2020-09-10T22:30:56.864] [DEBUG] cheese - null
[2020-09-10T22:30:56.988] [DEBUG] cheese - login => username:admin,password:123456
[2020-09-10T22:30:56.988] [DEBUG] cheese - admin
[2020-09-10T22:30:56.989] [DEBUG] cheese - login => username:admin,password:123456
[2020-09-10T22:30:56.989] [DEBUG] cheese - admin
[2020-09-10T22:30:56.997] [DEBUG] cheese - null
[2020-09-10T22:30:56.997] [DEBUG] cheese - null
[2020-09-10T22:30:57.065] [DEBUG] cheese - null
[2020-09-10T22:30:57.065] [DEBUG] cheese - null
[2020-09-10T22:30:57.193] [DEBUG] cheese - login => username:admin,password:123456
[2020-09-10T22:30:57.193] [DEBUG] cheese - admin
[2020-09-10T22:30:57.195] [DEBUG] cheese - login => username:admin,password:123456
[2020-09-10T22:30:57.195] [DEBUG] cheese - admin
[2020-09-10T22:30:57.203] [DEBUG] cheese - null
[2020-09-10T22:30:57.203] [DEBUG] cheese - null
[2020-09-10T22:30:57.270] [DEBUG] cheese - null
[2020-09-10T22:30:57.270] [DEBUG] cheese - null
[2020-09-10T22:30:57.394] [DEBUG] cheese - login => username:admin,password:123456
[2020-09-10T22:30:57.394] [DEBUG] cheese - admin
[2020-09-10T22:30:57.396] [DEBUG] cheese - login => username:admin,password:123456
[2020-09-10T22:30:57.396] [DEBUG] cheese - admin
[2020-09-10T22:30:57.404] [DEBUG] cheese - null
[2020-09-10T22:30:57.404] [DEBUG] cheese - null
[2020-09-10T22:30:57.471] [DEBUG] cheese - null
[2020-09-10T22:30:57.471] [DEBUG] cheese - null
[2020-09-10T22:30:57.612] [DEBUG] cheese - login => username:admin,password:123456
[2020-09-10T22:30:57.612] [DEBUG] cheese - admin
[2020-09-10T22:30:57.613] [DEBUG] cheese - login => username:admin,password:123456
[2020-09-10T22:30:57.613] [DEBUG] cheese - admin
[2020-09-10T22:30:57.620] [DEBUG] cheese - null
[2020-09-10T22:30:57.620] [DEBUG] cheese - null
[2020-09-10T22:30:57.687] [DEBUG] cheese - null
[2020-09-10T22:30:57.687] [DEBUG] cheese - null
[2020-09-10T22:30:57.826] [DEBUG] cheese - login => username:admin,password:123456
[2020-09-10T22:30:57.826] [DEBUG] cheese - admin
[2020-09-10T22:30:57.827] [DEBUG] cheese - login => username:admin,password:123456
[2020-09-10T22:30:57.828] [DEBUG] cheese - admin
[2020-09-10T22:30:57.835] [DEBUG] cheese - null
[2020-09-10T22:30:57.835] [DEBUG] cheese - null
[2020-09-10T22:30:57.901] [DEBUG] cheese - null
[2020-09-10T22:30:57.901] [DEBUG] cheese - null
[2020-09-10T22:30:58.025] [DEBUG] cheese - login => username:admin,password:123456
[2020-09-10T22:30:58.025] [DEBUG] cheese - admin
[2020-09-10T22:30:58.027] [DEBUG] cheese - login => username:admin,password:123456
[2020-09-10T22:30:58.027] [DEBUG] cheese - admin
[2020-09-10T22:30:58.033] [DEBUG] cheese - null
[2020-09-10T22:30:58.033] [DEBUG] cheese - null
[2020-09-10T22:30:58.102] [DEBUG] cheese - null
[2020-09-10T22:30:58.103] [DEBUG] cheese - null
[2020-09-10T22:30:58.208] [DEBUG] cheese - login => username:admin,password:123456
[2020-09-10T22:30:58.208] [DEBUG] cheese - admin
[2020-09-10T22:30:58.210] [DEBUG] cheese - login => username:admin,password:123456
[2020-09-10T22:30:58.210] [DEBUG] cheese - admin
[2020-09-10T22:30:58.216] [DEBUG] cheese - null
[2020-09-10T22:30:58.216] [DEBUG] cheese - null
[2020-09-10T22:30:58.284] [DEBUG] cheese - null
[2020-09-10T22:30:58.284] [DEBUG] cheese - null
[2020-09-10T22:31:02.303] [DEBUG] cheese - login => username:admin,password:123456
[2020-09-10T22:31:02.303] [DEBUG] cheese - admin
[2020-09-10T22:31:02.309] [DEBUG] cheese - null
[2020-09-10T22:31:02.309] [DEBUG] cheese - null
[2020-09-10T22:31:02.377] [DEBUG] cheese - login => username:admin,password:123456
[2020-09-10T22:31:02.377] [DEBUG] cheese - admin
[2020-09-10T22:31:02.378] [DEBUG] cheese - null
[2020-09-10T22:31:02.378] [DEBUG] cheese - null
[2020-09-10T22:31:04.937] [DEBUG] cheese - login => username:admin,password:123456
[2020-09-10T22:31:04.938] [DEBUG] cheese - admin
[2020-09-10T22:31:04.939] [DEBUG] cheese - login => username:admin,password:123456
[2020-09-10T22:31:04.939] [DEBUG] cheese - admin
[2020-09-10T22:31:04.946] [DEBUG] cheese - null
[2020-09-10T22:31:04.946] [DEBUG] cheese - null
[2020-09-10T22:31:05.015] [DEBUG] cheese - null
[2020-09-10T22:31:05.015] [DEBUG] cheese - null
[2020-09-10T22:31:47.329] [DEBUG] cheese - login => username:admin,password:123456
[2020-09-10T22:31:47.329] [DEBUG] cheese - admin
[2020-09-10T22:31:47.331] [DEBUG] cheese - null
[2020-09-10T22:31:47.332] [DEBUG] cheese - null
[2020-09-10T22:31:47.399] [DEBUG] cheese - login => username:admin,password:123456
[2020-09-10T22:31:47.400] [DEBUG] cheese - admin
[2020-09-10T22:31:47.401] [DEBUG] cheese - null
[2020-09-10T22:31:47.401] [DEBUG] cheese - null
[2020-09-10T22:31:52.138] [DEBUG] cheese - login => username:admin,password:123456444
[2020-09-10T22:31:52.138] [DEBUG] cheese - admin
[2020-09-10T22:31:52.141] [DEBUG] cheese - null
[2020-09-10T22:31:52.141] [DEBUG] cheese - null
[2020-09-10T22:31:52.211] [DEBUG] cheese - login => username:admin,password:123456444
[2020-09-10T22:31:52.211] [DEBUG] cheese - admin
[2020-09-10T22:31:52.213] [DEBUG] cheese - null
[2020-09-10T22:31:52.213] [DEBUG] cheese - null
[2020-09-10T22:32:49.949] [DEBUG] cheese - login => username:admin,password:123456
[2020-09-10T22:32:49.949] [DEBUG] cheese - admin
[2020-09-10T22:32:49.951] [DEBUG] cheese - null
[2020-09-10T22:32:49.951] [DEBUG] cheese - null
[2020-09-10T22:32:50.022] [DEBUG] cheese - login => username:admin,password:123456
[2020-09-10T22:32:50.022] [DEBUG] cheese - admin
[2020-09-10T22:32:50.024] [DEBUG] cheese - null
[2020-09-10T22:32:50.024] [DEBUG] cheese - null
[2020-09-10T22:33:29.969] [DEBUG] cheese - login => username:admin,password:123456
[2020-09-10T22:33:29.969] [DEBUG] cheese - admin
[2020-09-10T22:33:29.972] [DEBUG] cheese - login => username:admin,password:123456
[2020-09-10T22:33:29.972] [DEBUG] cheese - admin
[2020-09-10T22:33:29.979] [DEBUG] cheese - null
[2020-09-10T22:33:29.980] [DEBUG] cheese - null
[2020-09-10T22:33:30.049] [DEBUG] cheese - null
[2020-09-10T22:33:30.049] [DEBUG] cheese - null
[2020-09-10T22:36:31.878] [DEBUG] cheese - login => username:admin,password:123456
[2020-09-10T22:36:31.878] [DEBUG] cheese - admin
[2020-09-10T22:36:31.881] [DEBUG] cheese - login => username:admin,password:123456
[2020-09-10T22:36:31.881] [DEBUG] cheese - admin
[2020-09-10T22:36:31.889] [DEBUG] cheese - null
[2020-09-10T22:36:31.889] [DEBUG] cheese - null
[2020-09-10T22:36:31.958] [DEBUG] cheese - null
[2020-09-10T22:36:31.958] [DEBUG] cheese - null
[2020-09-10T22:45:42.383] [DEBUG] cheese - login => username:admin,password:123456
[2020-09-10T22:45:42.383] [DEBUG] cheese - admin
[2020-09-10T22:45:42.385] [DEBUG] cheese - null
[2020-09-10T22:45:42.385] [DEBUG] cheese - null
[2020-09-10T22:45:42.455] [DEBUG] cheese - login => username:admin,password:123456
[2020-09-10T22:45:42.455] [DEBUG] cheese - admin
[2020-09-10T22:45:42.456] [DEBUG] cheese - null
[2020-09-10T22:45:42.457] [DEBUG] cheese - null
[2020-09-10T22:49:14.831] [DEBUG] cheese - login => username:admin,password:123456
[2020-09-10T22:49:14.831] [DEBUG] cheese - admin
[2020-09-10T22:49:14.833] [DEBUG] cheese - login => username:admin,password:123456
[2020-09-10T22:49:14.833] [DEBUG] cheese - admin
[2020-09-10T22:49:14.843] [DEBUG] cheese - null
[2020-09-10T22:49:14.843] [DEBUG] cheese - null
[2020-09-10T22:49:14.910] [DEBUG] cheese - null
[2020-09-10T22:49:14.910] [DEBUG] cheese - null
[2020-09-10T22:59:09.264] [DEBUG] cheese - login => username:admin,password:123456
[2020-09-10T22:59:09.265] [DEBUG] cheese - admin
[2020-09-10T22:59:09.266] [DEBUG] cheese - login => username:admin,password:123456
[2020-09-10T22:59:09.266] [DEBUG] cheese - admin
[2020-09-10T22:59:09.276] [DEBUG] cheese - null
[2020-09-10T22:59:09.277] [DEBUG] cheese - null
[2020-09-10T22:59:09.349] [DEBUG] cheese - null
[2020-09-10T22:59:09.349] [DEBUG] cheese - null
[2020-09-15T22:58:11.818] [DEBUG] cheese - login => username:admin,password:123456
[2020-09-15T22:58:11.821] [DEBUG] cheese - admin
[2020-09-15T22:58:11.879] [DEBUG] cheese - login => username:admin,password:123456
[2020-09-15T22:58:11.880] [DEBUG] cheese - admin
[2020-09-15T22:58:11.891] [DEBUG] cheese - null
[2020-09-15T22:58:11.891] [DEBUG] cheese - null
[2020-09-15T22:58:11.985] [DEBUG] cheese - null
[2020-09-15T22:58:11.985] [DEBUG] cheese - null
[2020-09-15T23:09:33.055] [DEBUG] cheese - login => username:admin,password:123456
[2020-09-15T23:09:33.055] [DEBUG] cheese - admin
[2020-09-15T23:09:33.058] [DEBUG] cheese - login => username:admin,password:123456
[2020-09-15T23:09:33.058] [DEBUG] cheese - admin
[2020-09-15T23:09:33.060] [DEBUG] cheese - null
[2020-09-15T23:09:33.060] [DEBUG] cheese - null
[2020-09-15T23:09:33.128] [DEBUG] cheese - null
[2020-09-15T23:09:33.128] [DEBUG] cheese - null
[2020-09-15T23:15:47.089] [DEBUG] cheese - login => username:admin,password:123456
[2020-09-15T23:15:47.089] [DEBUG] cheese - admin
[2020-09-15T23:15:47.093] [DEBUG] cheese - null
[2020-09-15T23:15:47.093] [DEBUG] cheese - null
[2020-09-15T23:15:47.160] [DEBUG] cheese - login => username:admin,password:123456
[2020-09-15T23:15:47.160] [DEBUG] cheese - admin
[2020-09-15T23:15:47.163] [DEBUG] cheese - null
[2020-09-15T23:15:47.163] [DEBUG] cheese - null
[2020-10-05T14:37:53.816] [DEBUG] cheese - login => username:admin,password:123456
[2020-10-05T14:37:53.818] [DEBUG] cheese - admin
[2020-10-05T14:37:53.845] [DEBUG] cheese - login => username:admin,password:123456
[2020-10-05T14:37:53.845] [DEBUG] cheese - admin
[2020-10-05T14:37:53.850] [DEBUG] cheese - null
[2020-10-05T14:37:53.850] [DEBUG] cheese - null
[2020-10-05T14:37:53.936] [DEBUG] cheese - null
[2020-10-05T14:37:53.936] [DEBUG] cheese - null
[2020-10-05T15:28:56.414] [DEBUG] cheese - login => username:admin,password:123456
[2020-10-05T15:28:56.414] [DEBUG] cheese - admin
[2020-10-05T15:28:56.420] [DEBUG] cheese - login => username:admin,password:123456
[2020-10-05T15:28:56.420] [DEBUG] cheese - admin
[2020-10-05T15:28:56.427] [DEBUG] cheese - null
[2020-10-05T15:28:56.428] [DEBUG] cheese - null
[2020-10-05T15:28:56.494] [DEBUG] cheese - null
[2020-10-05T15:28:56.494] [DEBUG] cheese - null
[2020-10-05T15:29:11.525] [DEBUG] cheese - login => username:admin,password:123456
[2020-10-05T15:29:11.525] [DEBUG] cheese - admin
[2020-10-05T15:29:11.528] [DEBUG] cheese - null
[2020-10-05T15:29:11.528] [DEBUG] cheese - null
[2020-10-05T15:29:11.594] [DEBUG] cheese - login => username:admin,password:123456
[2020-10-05T15:29:11.594] [DEBUG] cheese - admin
[2020-10-05T15:29:11.597] [DEBUG] cheese - null
[2020-10-05T15:29:11.597] [DEBUG] cheese - null
[2020-10-07T20:25:27.049] [DEBUG] cheese - login => username:admin,password:123456
[2020-10-07T20:25:27.050] [DEBUG] cheese - admin
[2020-10-07T20:25:27.057] [DEBUG] cheese - null
[2020-10-07T20:25:27.057] [DEBUG] cheese - null
[2020-10-07T22:27:59.441] [DEBUG] cheese - login => username:admin,password:123456
[2020-10-07T22:27:59.442] [DEBUG] cheese - admin
[2020-10-07T22:27:59.447] [DEBUG] cheese - null
[2020-10-07T22:27:59.447] [DEBUG] cheese - null
[2020-10-07T22:45:09.268] [DEBUG] cheese - login => username:admin,password:123456
[2020-10-07T22:45:09.268] [DEBUG] cheese - admin
[2020-10-07T22:45:09.270] [DEBUG] cheese - null
[2020-10-07T22:45:09.270] [DEBUG] cheese - null
[2020-10-07T22:45:39.197] [DEBUG] cheese - login => username:admin,password:123456
[2020-10-07T22:45:39.197] [DEBUG] cheese - admin
[2020-10-07T22:45:39.199] [DEBUG] cheese - null
[2020-10-07T22:45:39.199] [DEBUG] cheese - null
[2020-10-08T22:26:02.549] [DEBUG] cheese - login => username:admin,password:123456
[2020-10-08T22:26:02.549] [DEBUG] cheese - admin
[2020-10-08T22:26:02.555] [DEBUG] cheese - null
[2020-10-08T22:26:02.556] [DEBUG] cheese - null
[2020-10-08T23:05:43.457] [DEBUG] cheese - login => username:admin,password:123456
[2020-10-08T23:05:43.457] [DEBUG] cheese - admin
[2020-10-08T23:05:43.459] [DEBUG] cheese - null
[2020-10-08T23:05:43.459] [DEBUG] cheese - null
[2020-11-18T18:09:25.667] [DEBUG] cheese - login => username:admin,password:123456
[2020-11-18T18:09:25.669] [DEBUG] cheese - admin
[2020-11-18T18:09:25.678] [DEBUG] cheese - null
[2020-11-18T18:09:25.679] [DEBUG] cheese - null
[2020-11-18T18:10:09.970] [DEBUG] cheese - login => username:admin,password:123456
[2020-11-18T18:10:09.970] [DEBUG] cheese - admin
[2020-11-18T18:10:09.972] [DEBUG] cheese - null
[2020-11-18T18:10:09.972] [DEBUG] cheese - null
[2020-11-18T18:45:46.532] [DEBUG] cheese - login => username:admin,password:123456
[2020-11-18T18:45:46.533] [DEBUG] cheese - admin
[2020-11-18T18:45:46.535] [DEBUG] cheese - null
[2020-11-18T18:45:46.535] [DEBUG] cheese - null
[2020-11-18T18:47:10.604] [DEBUG] cheese - login => username:admin,password:123456
[2020-11-18T18:47:10.605] [DEBUG] cheese - admin
[2020-11-18T18:47:10.606] [DEBUG] cheese - null
[2020-11-18T18:47:10.606] [DEBUG] cheese - null
[2020-11-19T16:30:13.915] [DEBUG] cheese - login => username:admin,password:123456
[2020-11-19T16:30:13.916] [DEBUG] cheese - admin
[2020-11-19T16:30:13.926] [DEBUG] cheese - null
[2020-11-19T16:30:13.927] [DEBUG] cheese - null
[2020-11-19T19:00:07.835] [DEBUG] cheese - login => username:admin,password:123456
[2020-11-19T19:00:07.836] [DEBUG] cheese - admin
[2020-11-19T19:00:07.840] [DEBUG] cheese - null
[2020-11-19T19:00:07.840] [DEBUG] cheese - null
[2020-11-19T19:06:49.024] [DEBUG] cheese - login => username:admin,password:123456
[2020-11-19T19:06:49.024] [DEBUG] cheese - admin
[2020-11-19T19:06:49.026] [DEBUG] cheese - null
[2020-11-19T19:06:49.026] [DEBUG] cheese - null
[2020-11-19T19:18:22.068] [DEBUG] cheese - login => username:admin,password:123456
[2020-11-19T19:18:22.068] [DEBUG] cheese - admin
[2020-11-19T19:18:22.070] [DEBUG] cheese - null
[2020-11-19T19:18:22.070] [DEBUG] cheese - null
[2020-11-21T14:53:45.505] [DEBUG] cheese - login => username:admin,password:123456
[2020-11-21T14:53:45.506] [DEBUG] cheese - admin
[2020-11-21T14:53:45.534] [DEBUG] cheese - null
[2020-11-21T14:53:45.534] [DEBUG] cheese - null
[2020-11-22T16:10:44.253] [DEBUG] cheese - login => username:admin,password:123456
[2020-11-22T16:10:44.254] [DEBUG] cheese - admin
[2020-11-22T16:10:44.261] [DEBUG] cheese - null
[2020-11-22T16:10:44.261] [DEBUG] cheese - null
[2020-11-22T17:13:20.299] [DEBUG] cheese - login => username:admin,password:123456
[2020-11-22T17:13:20.300] [DEBUG] cheese - admin
[2020-11-22T17:13:20.302] [DEBUG] cheese - null
[2020-11-22T17:13:20.302] [DEBUG] cheese - null
[2020-11-22T23:15:29.893] [DEBUG] cheese - login => username:admin,password:123456
[2020-11-22T23:15:29.893] [DEBUG] cheese - admin
[2020-11-22T23:15:29.898] [DEBUG] cheese - null
[2020-11-22T23:15:29.898] [DEBUG] cheese - null
[2020-11-23T10:39:23.230] [DEBUG] cheese - login => username:admin,password:123456
[2020-11-23T10:39:23.232] [DEBUG] cheese - admin
[2020-11-23T10:39:23.256] [DEBUG] cheese - null
[2020-11-23T10:39:23.256] [DEBUG] cheese - null
[2020-11-23T12:13:59.774] [DEBUG] cheese - null
[2020-11-23T12:14:25.739] [DEBUG] cheese - null
[2020-11-23T12:15:03.463] [DEBUG] cheese - null
[2020-11-23T12:16:29.377] [DEBUG] cheese - null
[2020-11-23T12:16:41.408] [DEBUG] cheese - null
[2020-11-23T12:16:45.040] [DEBUG] cheese - null
[2020-11-23T12:16:50.919] [DEBUG] cheese - null
[2020-11-23T16:56:02.786] [DEBUG] cheese - null
[2020-11-23T16:56:06.573] [DEBUG] cheese - null
[2020-11-23T16:56:10.339] [DEBUG] cheese - null
[2020-11-23T18:13:12.558] [DEBUG] cheese - login => username:admin,password:123456
[2020-11-23T18:13:12.559] [DEBUG] cheese - admin
[2020-11-23T18:13:12.561] [DEBUG] cheese - null
[2020-11-23T18:13:12.562] [DEBUG] cheese - null
[2020-11-25T16:22:59.510] [DEBUG] cheese - login => username:admin,password:123456
[2020-11-25T16:22:59.512] [DEBUG] cheese - admin
[2020-11-25T16:22:59.528] [DEBUG] cheese - null
[2020-11-25T16:22:59.529] [DEBUG] cheese - null
[2020-11-26T18:17:06.521] [DEBUG] cheese - login => username:admin,password:123456
[2020-11-26T18:17:06.525] [DEBUG] cheese - admin
[2020-11-26T18:17:06.542] [DEBUG] cheese - null
[2020-11-26T18:17:06.543] [DEBUG] cheese - null
[2020-11-27T18:10:28.673] [DEBUG] cheese - login => username:admin,password:123456
[2020-11-27T18:10:28.675] [DEBUG] cheese - admin
[2020-11-27T18:10:28.692] [DEBUG] cheese - null
[2020-11-27T18:10:28.694] [DEBUG] cheese - null
[2020-11-28T17:09:43.156] [DEBUG] cheese - login => username:admin,password:123456
[2020-11-28T17:09:43.157] [DEBUG] cheese - admin
[2020-11-28T17:09:43.168] [DEBUG] cheese - null
[2020-11-28T17:09:43.168] [DEBUG] cheese - null
[2020-11-30T16:29:09.973] [DEBUG] cheese - login => username:admin,password:123456
[2020-11-30T16:29:09.974] [DEBUG] cheese - admin
[2020-11-30T16:29:09.985] [DEBUG] cheese - null
[2020-11-30T16:29:09.985] [DEBUG] cheese - null
[2020-12-03T14:19:02.153] [DEBUG] cheese - login => username:admin,password:123456
[2020-12-03T14:19:02.154] [DEBUG] cheese - admin
[2020-12-03T14:19:02.165] [DEBUG] cheese - null
[2020-12-03T14:19:02.165] [DEBUG] cheese - null
[2020-12-03T14:39:16.592] [DEBUG] cheese - login => username:admin,password:123456
[2020-12-03T14:39:16.593] [DEBUG] cheese - admin
[2020-12-03T14:39:16.596] [DEBUG] cheese - null
[2020-12-03T14:39:16.596] [DEBUG] cheese - null
[2020-12-03T14:59:23.010] [DEBUG] cheese - login => username:admin,password:123456
[2020-12-03T14:59:23.011] [DEBUG] cheese - admin
[2020-12-03T14:59:23.015] [DEBUG] cheese - null
[2020-12-03T14:59:23.016] [DEBUG] cheese - null
[2020-12-03T15:35:04.672] [DEBUG] cheese - login => username:admin,password:123456
[2020-12-03T15:35:04.673] [DEBUG] cheese - admin
[2020-12-03T15:35:04.677] [DEBUG] cheese - null
[2020-12-03T15:35:04.677] [DEBUG] cheese - null
[2020-12-04T13:55:38.986] [DEBUG] cheese - login => username:admin,password:123456
[2020-12-04T13:55:38.988] [DEBUG] cheese - admin
[2020-12-04T13:55:39.001] [DEBUG] cheese - null
[2020-12-04T13:55:39.002] [DEBUG] cheese - null
[2020-12-05T14:27:14.079] [DEBUG] cheese - login => username:admin,password:123456
[2020-12-05T14:27:14.080] [DEBUG] cheese - admin
[2020-12-05T14:27:14.092] [DEBUG] cheese - null
[2020-12-05T14:27:14.092] [DEBUG] cheese - null
[2020-12-06T14:35:10.830] [DEBUG] cheese - login => username:admin,password:123456
[2020-12-06T14:35:10.831] [DEBUG] cheese - admin
[2020-12-06T14:35:10.843] [DEBUG] cheese - null
[2020-12-06T14:35:10.844] [DEBUG] cheese - null
[2020-12-06T15:01:06.941] [DEBUG] cheese - null
[2020-12-06T15:05:11.494] [DEBUG] cheese - null
[2020-12-06T15:18:45.344] [DEBUG] cheese - null
[2020-12-07T20:18:27.785] [DEBUG] cheese - login => username:admin,password:123456
[2020-12-07T20:18:27.787] [DEBUG] cheese - admin
[2020-12-07T20:18:27.797] [DEBUG] cheese - null
[2020-12-07T20:18:27.797] [DEBUG] cheese - null
[2020-12-09T19:35:55.513] [DEBUG] cheese - login => username:admin,password:123456
[2020-12-09T19:35:55.514] [DEBUG] cheese - admin
[2020-12-09T19:35:55.524] [DEBUG] cheese - null
[2020-12-09T19:35:55.525] [DEBUG] cheese - null
